2025-11-16 22:46:04,286 - train - INFO - Log directory: 
2025-11-16 22:46:04,309 - train - INFO - Args: {
    "agg": "max",
    "cache_dir": "/Users/aksagaga/Desktop/Personal_Learning/EvoContext/run_scripts/cache/graph_cache_CHBMIT_ssl",
    "cl_decay_steps": 3000,
    "data_augment": true,
    "dataset": "CHBMIT",
    "dcgru_activation": "tanh",
    "device": "cuda",
    "do_train": true,
    "dropout": 0.0,
    "eval_every": 1,
    "filter_type": "dual_random_walk",
    "fine_tune": false,
    "graph_type": "individual",
    "input_dim": 128,
    "input_dir": "/Users/aksagaga/Desktop/Personal_Learning/data/filtered_data_chbmit",
    "l2_wd": 0.0005,
    "labels_dir": "/Users/aksagaga/Desktop/Personal_Learning/EvoContext/run_scripts/labels/file_markers_CHBMIT_ssl",
    "load_model_path": null,
    "lr_init": 0.0003,
    "max_diffusion_step": 2,
    "max_grad_norm": 5.0,
    "max_seq_len": 12,
    "maximize_metric": true,
    "metric_avg": "weighted",
    "metric_name": "auroc",
    "num_classes": 1,
    "num_epochs": 2,
    "num_nodes": 22,
    "num_rnn_layers": 3,
    "num_workers": 8,
    "output_dim": 128,
    "output_seq_len": 12,
    "patience": 5,
    "preproc_dir": null,
    "pretrained_num_rnn_layers": 3,
    "rand_seed": 123,
    "raw_data_dir": "/nas/share/r_kotoge/code/tts/TUSZ",
    "rnn_units": 64,
    "save_dir": "",
    "stop": false,
    "task": "detection",
    "test": false,
    "test_batch_size": 128,
    "time_step_size": 1,
    "top_k": 3,
    "train_batch_size": 128,
    "use_curriculum_learning": false,
    "use_fft": true
}
2025-11-16 22:46:04,310 - train - INFO - Building dataset...
2025-11-16 22:46:04,535 - train - INFO - Building model...
2025-11-16 22:46:04,560 - train - INFO - Total number of trainable parameters: 2698628
2025-11-16 22:46:04,944 - train - INFO - Saver will maximize auroc...
2025-11-16 22:46:05,225 - train - INFO - Training...
2025-11-16 22:46:05,225 - train - INFO - Starting epoch 1...
2025-11-16 22:47:38,345 - train - INFO - Log directory: 
2025-11-16 22:47:38,356 - train - INFO - Args: {
    "agg": "max",
    "cache_dir": "/Users/aksagaga/Desktop/Personal_Learning/EvoContext/run_scripts/cache/graph_cache_CHBMIT_ssl",
    "cl_decay_steps": 3000,
    "data_augment": true,
    "dataset": "CHBMIT",
    "dcgru_activation": "tanh",
    "device": "cuda",
    "do_train": true,
    "dropout": 0.0,
    "eval_every": 1,
    "filter_type": "dual_random_walk",
    "fine_tune": false,
    "graph_type": "individual",
    "input_dim": 128,
    "input_dir": "/Users/aksagaga/Desktop/Personal_Learning/data/filtered_data_chbmit",
    "l2_wd": 0.0005,
    "labels_dir": "/Users/aksagaga/Desktop/Personal_Learning/EvoContext/run_scripts/labels/file_markers_CHBMIT_ssl",
    "load_model_path": null,
    "lr_init": 0.0003,
    "max_diffusion_step": 2,
    "max_grad_norm": 5.0,
    "max_seq_len": 12,
    "maximize_metric": true,
    "metric_avg": "weighted",
    "metric_name": "auroc",
    "num_classes": 1,
    "num_epochs": 1,
    "num_nodes": 22,
    "num_rnn_layers": 3,
    "num_workers": 8,
    "output_dim": 128,
    "output_seq_len": 12,
    "patience": 5,
    "preproc_dir": null,
    "pretrained_num_rnn_layers": 3,
    "rand_seed": 123,
    "raw_data_dir": "/nas/share/r_kotoge/code/tts/TUSZ",
    "rnn_units": 64,
    "save_dir": "",
    "stop": false,
    "task": "detection",
    "test": false,
    "test_batch_size": 128,
    "time_step_size": 1,
    "top_k": 3,
    "train_batch_size": 128,
    "use_curriculum_learning": false,
    "use_fft": true
}
2025-11-16 22:47:38,356 - train - INFO - Building dataset...
2025-11-16 22:47:38,564 - train - INFO - Building model...
2025-11-16 22:47:38,596 - train - INFO - Total number of trainable parameters: 2698628
2025-11-16 22:47:38,631 - train - INFO - Saver will maximize auroc...
2025-11-16 22:47:38,905 - train - INFO - Training...
2025-11-16 22:47:38,905 - train - INFO - Starting epoch 1...
